<?xml version="1.0" encoding="UTF-8"?>
<robot generator="Robot 4.1.2 (Python 3.13.0 on darwin)" generated="20250127 12:16:39.882" rpa="false" schemaversion="2">
<suite id="s1" name="FixedDepositTest" source="/Users/asd/PycharmProjects/ROBOT_ANDROID_EQUITY_MOBILE/Testcases/SaveTEst/FixedDepositTest.robot">
<kw name="Initial App Launch and Nav to Homepage" library="CommonFunctions" type="SETUP">
<kw name="Open Equity Mobile Application on device 1" library="CommonFunctions">
<kw name="Open Equity Mobile Application" library="CommonFunctions">
<arg>${remoteUrl1}</arg>
<arg>5037</arg>
<arg>8201</arg>
<arg>emulator-5554</arg>
<kw name="Open Application" library="AppiumLibrary">
<arg>${remote_url}</arg>
<arg>automationName=${ANDROID_AUTOMATION_NAME}</arg>
<arg>platformName=${ANDROID_PLATFORM_NAME}</arg>
<arg>platformVersion=${ANDROID_PLATFORM_VERSION}</arg>
<arg>app=${app}</arg>
<arg>appPackage=${ANDROID_APP_PACKAGE}</arg>
<arg>appActivity=${ANDROID_APP_ACTIVITY}</arg>
<arg>ensureWebviewsHavePages=${True}</arg>
<arg>nativeWebScreenshot=${True}</arg>
<arg>newCommandTimeout=30000</arg>
<arg>launchTimeout=48000</arg>
<arg>connectHardwareKeyboard=${True}</arg>
<arg>deviceOrientation=portrait</arg>
<arg>noReset=${False}</arg>
<arg>appium:adbPort=${adb_port}</arg>
<arg>appium:systemPort=${system_port}</arg>
<arg>appium:udid=${udid}</arg>
<doc>Opens a new application to given Appium server.
Capabilities of appium server, Android and iOS,
Please check https://appium.io/docs/en/2.1/cli/args/
| *Option*            | *Man.* | *Description*     |
| remote_url          | Yes    | Appium server url |
| alias               | no     | alias             |
| strict_ssl          | No     | allows you to send commands to an invalid certificate host like a self-signed one. |</doc>
<kw name="Capture Page Screenshot" library="AppiumLibrary">
<doc>Takes a screenshot of the current page and embeds it into the log.</doc>
<msg timestamp="20250127 12:16:44.922" level="FAIL">No application is open</msg>
<status status="FAIL" starttime="20250127 12:16:44.916" endtime="20250127 12:16:44.922"/>
</kw>
<msg timestamp="20250127 12:16:44.934" level="WARN">Keyword 'Capture Page Screenshot' could not be run on failure: No application is open</msg>
<msg timestamp="20250127 12:16:44.942" level="FAIL">WebDriverException: Message: An unknown server-side error occurred while processing the command. Original error: UiAutomator2 Server cannot start because the local port #8201 is busy. Make sure the port you provide via 'systemPort' capability is not occupied. This situation might often be a result of an inaccurate sessions management, e.g. old automation sessions on the same device must always be closed before starting new ones.
Stacktrace:
UnknownError: An unknown server-side error occurred while processing the command. Original error: UiAutomator2 Server cannot start because the local port #8201 is busy. Make sure the port you provide via 'systemPort' capability is not occupied. This situation might often be a result of an inaccurate sessions management, e.g. old automation sessions on the same device must always be closed before starting new ones.
    at getResponseForW3CError (/usr/local/lib/node_modules/appium/node_modules/@appium/base-driver/lib/protocol/errors.js:1145:9)
    at asyncHandler (/usr/local/lib/node_modules/appium/node_modules/@appium/base-driver/lib/protocol/protocol.js:485:57)</msg>
<status status="FAIL" starttime="20250127 12:16:40.309" endtime="20250127 12:16:44.942"/>
</kw>
<status status="FAIL" starttime="20250127 12:16:40.308" endtime="20250127 12:16:44.943"/>
</kw>
<status status="FAIL" starttime="20250127 12:16:40.308" endtime="20250127 12:16:44.944"/>
</kw>
<kw name="Sleep" library="BuiltIn">
<arg>5s</arg>
<doc>Pauses the test executed for the given time.</doc>
<status status="NOT RUN" starttime="20250127 12:16:44.944" endtime="20250127 12:16:44.944"/>
</kw>
<kw name="Navigate to Login Page" library="LoginPage">
<status status="NOT RUN" starttime="20250127 12:16:44.944" endtime="20250127 12:16:44.944"/>
</kw>
<kw name="User Login With Valid Credential" library="LoginPage">
<doc>Login with valid password</doc>
<status status="NOT RUN" starttime="20250127 12:16:44.944" endtime="20250127 12:16:44.944"/>
</kw>
<kw name="Key in OTP and Verify" library="LoginPage">
<status status="NOT RUN" starttime="20250127 12:16:44.945" endtime="20250127 12:16:44.945"/>
</kw>
<kw name="Select and Confirm an Option to Verify Security Question" library="LoginPage">
<status status="NOT RUN" starttime="20250127 12:16:44.945" endtime="20250127 12:16:44.945"/>
</kw>
<kw name="Answer first security question" library="LoginPage">
<status status="NOT RUN" starttime="20250127 12:16:44.945" endtime="20250127 12:16:44.945"/>
</kw>
<kw name="Answer second security question" library="LoginPage">
<status status="NOT RUN" starttime="20250127 12:16:44.945" endtime="20250127 12:16:44.945"/>
</kw>
<kw name="Click on Confirm Security Question Button" library="LoginPage">
<status status="NOT RUN" starttime="20250127 12:16:44.945" endtime="20250127 12:16:44.945"/>
</kw>
<kw name="Bypassing the Quick Share on android 15" library="LoginPage">
<status status="NOT RUN" starttime="20250127 12:16:44.945" endtime="20250127 12:16:44.945"/>
</kw>
<kw name="Click on the Show Me Later Button" library="LoginPage">
<status status="NOT RUN" starttime="20250127 12:16:44.945" endtime="20250127 12:16:44.945"/>
</kw>
<kw name="Remove Existing Devices" library="LoginPage">
<doc>Remove existing Devices</doc>
<status status="NOT RUN" starttime="20250127 12:16:44.945" endtime="20250127 12:16:44.945"/>
</kw>
<kw name="Click on the Show Me Later Button" library="LoginPage">
<status status="NOT RUN" starttime="20250127 12:16:44.945" endtime="20250127 12:16:44.945"/>
</kw>
<kw name="Validate Page Title" library="LoginPage">
<status status="NOT RUN" starttime="20250127 12:16:44.945" endtime="20250127 12:16:44.945"/>
</kw>
<kw name="Validate Customer Accounts are available" library="LoginPage">
<status status="NOT RUN" starttime="20250127 12:16:44.945" endtime="20250127 12:16:44.945"/>
</kw>
<status status="FAIL" starttime="20250127 12:16:40.307" endtime="20250127 12:16:44.946"/>
</kw>
<test id="s1-t1" name="Fixed Deposit Account 1 - no reinvesting">
<tag>KE</tag>
<tag>RW</tag>
<tag>SS</tag>
<tag>TZ</tag>
<tag>UG</tag>
<status status="FAIL" starttime="20250127 12:16:44.946" endtime="20250127 12:16:44.946">Parent suite setup failed:
WebDriverException: Message: An unknown server-side error occurred while processing the command. Original error: UiAutomator2 Server cannot start because the local port #8201 is busy. Make sure the port you provide via 'systemPort' capability is not occupied. This situation might often be a result of an inaccurate sessions management, e.g. old automation sessions on the same device must always be closed before starting new ones.
Stacktrace:
UnknownError: An unknown server-side error occurred while processing the command. Original error: UiAutomator2 Server cannot start because the local port #8201 is busy. Make sure the port you provide via 'systemPort' capability is not occupied. This situation might often be a result of an inaccurate sessions management, e.g. old automation sessions on the same device must always be closed before starting new ones.
    at getResponseForW3CError (/usr/local/lib/node_modules/appium/node_modules/@appium/base-driver/lib/protocol/errors.js:1145:9)
    at asyncHandler (/usr/local/lib/node_modules/appium/node_modules/@appium/base-driver/lib/protocol/protocol.js:485:57)</status>
</test>
<test id="s1-t2" name="Fixed Deposit Account 2 - reinvesting">
<tag>KE</tag>
<tag>RW</tag>
<tag>SS</tag>
<tag>TZ</tag>
<tag>UG</tag>
<status status="FAIL" starttime="20250127 12:16:44.946" endtime="20250127 12:16:44.947">Parent suite setup failed:
WebDriverException: Message: An unknown server-side error occurred while processing the command. Original error: UiAutomator2 Server cannot start because the local port #8201 is busy. Make sure the port you provide via 'systemPort' capability is not occupied. This situation might often be a result of an inaccurate sessions management, e.g. old automation sessions on the same device must always be closed before starting new ones.
Stacktrace:
UnknownError: An unknown server-side error occurred while processing the command. Original error: UiAutomator2 Server cannot start because the local port #8201 is busy. Make sure the port you provide via 'systemPort' capability is not occupied. This situation might often be a result of an inaccurate sessions management, e.g. old automation sessions on the same device must always be closed before starting new ones.
    at getResponseForW3CError (/usr/local/lib/node_modules/appium/node_modules/@appium/base-driver/lib/protocol/errors.js:1145:9)
    at asyncHandler (/usr/local/lib/node_modules/appium/node_modules/@appium/base-driver/lib/protocol/protocol.js:485:57)</status>
</test>
<doc>Save tests</doc>
<status status="FAIL" starttime="20250127 12:16:39.885" endtime="20250127 12:16:44.949">Suite setup failed:
WebDriverException: Message: An unknown server-side error occurred while processing the command. Original error: UiAutomator2 Server cannot start because the local port #8201 is busy. Make sure the port you provide via 'systemPort' capability is not occupied. This situation might often be a result of an inaccurate sessions management, e.g. old automation sessions on the same device must always be closed before starting new ones.
Stacktrace:
UnknownError: An unknown server-side error occurred while processing the command. Original error: UiAutomator2 Server cannot start because the local port #8201 is busy. Make sure the port you provide via 'systemPort' capability is not occupied. This situation might often be a result of an inaccurate sessions management, e.g. old automation sessions on the same device must always be closed before starting new ones.
    at getResponseForW3CError (/usr/local/lib/node_modules/appium/node_modules/@appium/base-driver/lib/protocol/errors.js:1145:9)
    at asyncHandler (/usr/local/lib/node_modules/appium/node_modules/@appium/base-driver/lib/protocol/protocol.js:485:57)</status>
</suite>
<statistics>
<total>
<stat pass="0" fail="2" skip="0">All Tests</stat>
</total>
<tag>
<stat pass="0" fail="2" skip="0">KE</stat>
<stat pass="0" fail="2" skip="0">RW</stat>
<stat pass="0" fail="2" skip="0">SS</stat>
<stat pass="0" fail="2" skip="0">TZ</stat>
<stat pass="0" fail="2" skip="0">UG</stat>
</tag>
<suite>
<stat pass="0" fail="2" skip="0" id="s1" name="FixedDepositTest">FixedDepositTest</stat>
</suite>
</statistics>
<errors>
<msg timestamp="20250127 12:16:44.934" level="WARN">Keyword 'Capture Page Screenshot' could not be run on failure: No application is open</msg>
</errors>
</robot>
